/*C13*/CONNECT USER SA
DISCONNECT
/*C14*/CONNECT USER SA
DISCONNECT
/*C15*/CONNECT USER SA
/*C16*/CONNECT USER SA
/*C17*/CONNECT USER SA
/*C18*/CONNECT USER SA
/*C19*/CONNECT USER SA
/*C20*/CONNECT USER SA
DISCONNECT
/*C21*/CONNECT USER SA
DISCONNECT
/*C22*/CONNECT USER SA
DISCONNECT
/*C23*/CONNECT USER SA
DISCONNECT
/*C24*/CONNECT USER SA
DISCONNECT
/*C18*/SET AUTOCOMMIT FALSE
SET AUTOCOMMIT TRUE
SET AUTOCOMMIT FALSE
SET AUTOCOMMIT TRUE
SET AUTOCOMMIT FALSE
SET AUTOCOMMIT TRUE
DISCONNECT
/*C19*/DISCONNECT
/*C16*/DISCONNECT
/*C17*/DISCONNECT
/*C15*/DISCONNECT
