/*C12*/CONNECT USER SA
DISCONNECT
/*C13*/CONNECT USER SA
/*C14*/CONNECT USER SA
/*C15*/CONNECT USER SA
/*C16*/CONNECT USER SA
/*C17*/CONNECT USER SA
/*C18*/CONNECT USER SA
DISCONNECT
/*C19*/CONNECT USER SA
DISCONNECT
/*C20*/CONNECT USER SA
DISCONNECT
/*C21*/CONNECT USER SA
DISCONNECT
/*C22*/CONNECT USER SA
DISCONNECT
/*C17*/INSERT INTO DO_UI_PANEMODEL VALUES('402880402fd3e40b012fd3e4f75c0001','bx_manager_mobile','\u62a5\u9500\u7ba1\u7406\u7cfb\u7edfMobile',NULL,NULL,NULL,3,'4028803327bd72bd0127bd72e8ac0009',NULL,NULL,'0926c605410d49cc8634c35cd7ea666',NULL,NULL,NULL,NULL,NULL,NULL,NULL,NULL,NULL,NULL,NULL,'4028803327bd72bd0127bd72de5b0002',NULL,'4028803327bd72bd0127bd72ecb3000c',NULL,NULL,NULL,NULL,NULL,NULL,NULL,NULL,NULL,NULL,NULL,NULL,NULL,NULL)
/*C14*/INSERT INTO DO_UI_CONTROLLER VALUES('402880402fd3e40b012fd3f98db00009','mobile_date_DOInputTextBetween','mobile.date.DOInputTextBetween','3',NULL,NULL,'11','com.exedosoft.plat.ui.jquery.form.DOInputTextBetween','c_form_date',NULL,NULL,NULL,NULL,NULL,NULL,NULL,NULL,NULL,NULL,NULL,NULL,NULL,NULL)
DELETE FROM DO_UI_CONTROLLER WHERE OBJUID='402880402fd3e40b012fd3f98db00009' AND NAME='mobile_date_DOInputTextBetween' AND L10N='mobile.date.DOInputTextBetween' AND TYPE='3' AND GENSCRIPT=NULL AND OTHERSCRIPT=NULL AND LOOKANDFEELUID='11' AND VIEWJAVACLASS='com.exedosoft.plat.ui.jquery.form.DOInputTextBetween' AND CATEGORYUID='c_form_date' AND STANDBYATTRS=NULL AND STYLE=NULL AND TEMPLATE=NULL AND BASEUID=NULL AND EXTUID=NULL AND JQUERYUID=NULL AND EXTEND1=NULL AND EXTEND2=NULL AND NOTE=NULL AND CREATOR=NULL AND CREATDATE=NULL AND MODIFIER=NULL AND MODIFYDATE=NULL AND MVERSION=NULL
INSERT INTO DO_UI_CONTROLLER VALUES('402880402fd3e40b012fd3f98db00009','com_exedosoft_plat_ui_jquery_form_my97_DatePickerBetween','form.my97.DatePickerBetween','3',NULL,NULL,'1','com.exedosoft.plat.ui.jquery.form.my97.DatePickerBetween','c_form_date',NULL,NULL,NULL,NULL,'402880402fd3e40b012fd3f98db00009',NULL,NULL,NULL,NULL,NULL,NULL,NULL,NULL,NULL)
