/*C13*/CONNECT USER SA
DISCONNECT
/*C14*/CONNECT USER SA
DISCONNECT
/*C15*/CONNECT USER SA
/*C16*/CONNECT USER SA
/*C17*/CONNECT USER SA
/*C18*/CONNECT USER SA
/*C19*/CONNECT USER SA
/*C20*/CONNECT USER SA
DISCONNECT
/*C21*/CONNECT USER SA
DISCONNECT
/*C22*/CONNECT USER SA
DISCONNECT
/*C23*/CONNECT USER SA
DISCONNECT
/*C24*/CONNECT USER SA
DISCONNECT
/*C19*/SET AUTOCOMMIT FALSE
INSERT INTO DO_SERVICE VALUES('40288036301f669b01301f67c8150001','multi_tenancy_table_browse_copy','multi_tenancy_table_browse_copy','2c90b186301b0aac01301b0ad7ed00a6','select * from multi_tenancy_table where id = ?',NULL,NULL,NULL,NULL,NULL,NULL,NULL,NULL,NULL,NULL,NULL,NULL,NULL,0,NULL,NULL,NULL,NULL,NULL,NULL,NULL,NULL,NULL)
INSERT INTO DO_PARAMETER_SERVICE VALUES('40288036301f669b01301f67c8e00002','40288036301f669b01301f67c8150001','2c90b186301b0aac01301b0ad7fc00ae',NULL,5,NULL,NULL,NULL,NULL,NULL,NULL)
COMMIT
SET AUTOCOMMIT TRUE
DELETE FROM DO_SERVICE WHERE OBJUID='40288036301f669b01301f67c8150001' AND NAME='multi_tenancy_table_browse_copy' AND L10N='multi_tenancy_table_browse_copy' AND BOUID='2c90b186301b0aac01301b0ad7ed00a6' AND MAINSQL='select * from multi_tenancy_table where id = ?' AND ISTRANSACTION=NULL AND ISFILTER=NULL AND FILTERCLASS=NULL AND ISPARACHECK=NULL AND LOGTYPE=NULL AND ISLOG=NULL AND ISRESETSCOPE=NULL AND VISIBILITY=NULL AND TYPE=NULL AND AUTH_TYPE=NULL AND ISREFRDATABUS=NULL AND ACTIONCONFIGUID=NULL AND PT_UID=NULL AND ORDER_NUM=0 AND ICON=NULL AND NOTE=NULL AND EXEDOC=NULL AND ISLOCKED=NULL AND CREATOR=NULL AND CREATDATE=NULL AND MODIFIER=NULL AND MODIFYDATE=NULL AND MVERSION=NULL
INSERT INTO DO_SERVICE VALUES('40288036301f669b01301f67c8150001','multi_tenancy_table_findrealtable','multi_tenancy_table_findrealtable','2c90b186301b0aac01301b0ad7ed00a6','select * from multi_tenancy_table where table_name = ? and tenancy_uid = ?',NULL,NULL,NULL,NULL,NULL,NULL,NULL,NULL,NULL,NULL,NULL,NULL,NULL,0,NULL,NULL,NULL,NULL,NULL,NULL,NULL,NULL,NULL)
DELETE FROM DO_PARAMETER_SERVICE WHERE OBJUID='40288036301f669b01301f67c8e00002' AND SERVICEUID='40288036301f669b01301f67c8150001' AND PARAMETERUID='2c90b186301b0aac01301b0ad7fc00ae' AND PATTERM=NULL AND ORDER_NUM=5 AND ISSCRIPT=NULL AND CREATOR=NULL AND CREATDATE=NULL AND MODIFIER=NULL AND MODIFYDATE=NULL AND MVERSION=NULL
INSERT INTO DO_PARAMETER_SERVICE VALUES('40288036301f669b01301f67c8e00002','40288036301f669b01301f67c8150001','2c90b186301b0aac01301b0ad7fc00b0',NULL,5,NULL,NULL,NULL,NULL,NULL,NULL)
INSERT INTO DO_PARAMETER_SERVICE VALUES('40288036301f669b01301f6b7f120003','40288036301f669b01301f67c8150001','2c90b186301b0aac01301b0ad7fc00b2',NULL,10,NULL,NULL,NULL,NULL,NULL,NULL)
